Using pre-set license
Built from '2021.1/staging' branch; Version is '2021.1.20f1 (be552157821d) revision 12473633'; Using compiler version '192528614'; Build Type 'Release'
OS: 'Windows 10 Pro; OS build 19042.1288; Version 2009; 64bit' Language: 'es' Physical Memory: 14284 MB
BatchMode: 1, IsHumanControllingUs: 0, StartBugReporterOnCrash: 0, Is64bit: 1, IsPro: 0

COMMAND LINE ARGUMENTS:
C:\Program Files\Unity\Hub\Editor\2021.1.20f1\Editor\Unity.exe
-adb2
-batchMode
-noUpm
-name
AssetImportWorker0
-projectPath
C:/Users/Dany/Documents/MegamanFinalnNoVaMas
-logFile
Logs/AssetImportWorker0.log
-srvPort
64718
Successfully changed project path to: C:/Users/Dany/Documents/MegamanFinalnNoVaMas
C:/Users/Dany/Documents/MegamanFinalnNoVaMas
Using Asset Import Pipeline V2.
Refreshing native plugins compatible for Editor in 121.09 ms, found 4 plugins.
Preloading 0 native plugins for Editor in 0.00 ms.
Initialize engine version: 2021.1.20f1 (be552157821d)
[Subsystems] Discovering subsystems at path C:/Program Files/Unity/Hub/Editor/2021.1.20f1/Editor/Data/Resources/UnitySubsystems
[Subsystems] Discovering subsystems at path C:/Users/Dany/Documents/MegamanFinalnNoVaMas/Assets
GfxDevice: creating device client; threaded=0; jobified=0
Direct3D:
    Version:  Direct3D 11.0 [level 11.1]
    Renderer: AMD Radeon(TM) RX Vega 11 Graphics (ID=0x15d8)
    Vendor:   ATI
    VRAM:     7142 MB
    Driver:   30.0.13025.5005
Initialize mono
Mono path[0] = 'C:/Program Files/Unity/Hub/Editor/2021.1.20f1/Editor/Data/Managed'
Mono path[1] = 'C:/Program Files/Unity/Hub/Editor/2021.1.20f1/Editor/Data/MonoBleedingEdge/lib/mono/unityjit'
Mono config path = 'C:/Program Files/Unity/Hub/Editor/2021.1.20f1/Editor/Data/MonoBleedingEdge/etc'
Using monoOptions --debugger-agent=transport=dt_socket,embedding=1,server=y,suspend=n,address=127.0.0.1:56460
Begin MonoManager ReloadAssembly
Registering precompiled unity dll's ...
Register platform support module: C:/Program Files/Unity/Hub/Editor/2021.1.20f1/Editor/Data/PlaybackEngines/WebGLSupport/UnityEditor.WebGL.Extensions.dll
Register platform support module: C:/Program Files/Unity/Hub/Editor/2021.1.20f1/Editor/Data/PlaybackEngines/WindowsStandaloneSupport/UnityEditor.WindowsStandalone.Extensions.dll
Registered in 0.003215 seconds.
Native extension for WindowsStandalone target not found
Native extension for WebGL target not found
Refreshing native plugins compatible for Editor in 124.49 ms, found 4 plugins.
Preloading 0 native plugins for Editor in 0.00 ms.
Mono: successfully reloaded assembly
- Completed reload, in  1.695 seconds
Domain Reload Profiling:
	ReloadAssembly (1695ms)
		BeginReloadAssembly (86ms)
			ExecutionOrderSort (0ms)
			DisableScriptedObjects (0ms)
			BackupInstance (0ms)
			ReleaseScriptingObjects (0ms)
			CreateAndSetChildDomain (1ms)
		EndReloadAssembly (571ms)
			LoadAssemblies (83ms)
			RebuildTransferFunctionScriptingTraits (0ms)
			SetupTypeCache (197ms)
			ReleaseScriptCaches (0ms)
			RebuildScriptCaches (29ms)
			SetupLoadedEditorAssemblies (290ms)
				LogAssemblyErrors (0ms)
				InitializePlatformSupportModulesInManaged (7ms)
				SetLoadedEditorAssemblies (0ms)
				RefreshPlugins (125ms)
				BeforeProcessingInitializeOnLoad (2ms)
				ProcessInitializeOnLoadAttributes (118ms)
				ProcessInitializeOnLoadMethodAttributes (38ms)
				AfterProcessingInitializeOnLoad (0ms)
				EditorAssembliesLoaded (0ms)
			ExecutionOrderSort2 (0ms)
			AwakeInstancesAfterBackupRestoration (0ms)
Platform modules already initialized, skipping
Registering precompiled user dll's ...
Registered in 0.006756 seconds.
Begin MonoManager ReloadAssembly
Symbol file LoadedFromMemory doesn't match image C:\Users\Dany\Documents\MegamanFinalnNoVaMas\Library\PackageCache\com.unity.visualscripting@1.6.1\Editor\VisualScripting.Core\Dependencies\YamlDotNet\Unity.VisualScripting.YamlDotNet.dll
Symbol file LoadedFromMemory doesn't match image C:\Users\Dany\Documents\MegamanFinalnNoVaMas\Library\PackageCache\com.unity.visualscripting@1.6.1\Editor\VisualScripting.Core\Dependencies\DotNetZip\Unity.VisualScripting.IonicZip.dll
Native extension for WindowsStandalone target not found
Native extension for WebGL target not found
Refreshing native plugins compatible for Editor in 115.62 ms, found 4 plugins.
Preloading 0 native plugins for Editor in 0.00 ms.
Mono: successfully reloaded assembly
- Completed reload, in  1.534 seconds
Domain Reload Profiling:
	ReloadAssembly (1535ms)
		BeginReloadAssembly (188ms)
			ExecutionOrderSort (0ms)
			DisableScriptedObjects (7ms)
			BackupInstance (0ms)
			ReleaseScriptingObjects (0ms)
			CreateAndSetChildDomain (21ms)
		EndReloadAssembly (1265ms)
			LoadAssemblies (130ms)
			RebuildTransferFunctionScriptingTraits (0ms)
			SetupTypeCache (436ms)
			ReleaseScriptCaches (1ms)
			RebuildScriptCaches (68ms)
			SetupLoadedEditorAssemblies (520ms)
				LogAssemblyErrors (0ms)
				InitializePlatformSupportModulesInManaged (6ms)
				SetLoadedEditorAssemblies (0ms)
				RefreshPlugins (116ms)
				BeforeProcessingInitializeOnLoad (106ms)
				ProcessInitializeOnLoadAttributes (258ms)
				ProcessInitializeOnLoadMethodAttributes (23ms)
				AfterProcessingInitializeOnLoad (11ms)
				EditorAssembliesLoaded (0ms)
			ExecutionOrderSort2 (0ms)
			AwakeInstancesAfterBackupRestoration (11ms)
Platform modules already initialized, skipping
========================================================================
Worker process is ready to serve import requests
Launched and connected shader compiler UnityShaderCompiler.exe after 0.06 seconds
Refreshing native plugins compatible for Editor in 0.76 ms, found 4 plugins.
Preloading 0 native plugins for Editor in 0.00 ms.
Unloading 3677 Unused Serialized files (Serialized files now loaded: 0)
System memory in use before: 136.3 MB.
System memory in use after: 136.5 MB.

Unloading 30 unused Assets to reduce memory usage. Loaded Objects now: 4127.
Total: 4.044600 ms (FindLiveObjects: 0.303600 ms CreateObjectMapping: 0.094900 ms MarkObjects: 3.578100 ms  DeleteObjects: 0.066800 ms)

AssetImportParameters requested are different than current active one (requested -> active):
  custom:framework-win-MediaFoundation: 216162199b28c13a410421893ffa2e32 -> 
  custom:video-decoder-ogg-theora: a1e56fd34408186e4bbccfd4996cb3dc -> 
  custom:container-muxer-webm: aa71ff27fc2769a1b78a27578f13a17b -> 
  custom:container-demuxer-webm: 4f35f7cbe854078d1ac9338744f61a02 -> 
  custom:container-demuxer-ogg: 62fdf1f143b41e24485cea50d1cbac27 -> 
  custom:video-encoder-webm-vp8: eb34c28f22e8b96e1ab97ce403110664 -> 
  custom:video-decoder-webm-vp8: 9c59270c3fd7afecdb556c50c9e8de78 -> 
  custom:audio-decoder-ogg-vorbis: bf7c407c2cedff20999df2af8eb42d56 -> 
  custom:audio-encoder-webm-vorbis: bf7c407c2cedff20999df2af8eb42d56 -> 
========================================================================
Received Import Request.
  path: Assets/files/terrain_A_3.asset
  artifactKey: Guid(a5ef7751dadd12e4bb735e81558d589f) Importer(815301076,1909f56bfc062723c751e8b465ee728b)
Start importing Assets/files/terrain_A_3.asset using Guid(a5ef7751dadd12e4bb735e81558d589f) Importer(815301076,1909f56bfc062723c751e8b465ee728b)  -> (artifact id: 'a0fdf86b99d4a8b17c7ba6362158f5d0') in 0.099726 seconds 
========================================================================
Received Import Request.
  Time since last request: 0.000199 seconds.
  path: Assets/files/terrain_A_20.asset
  artifactKey: Guid(acb0bb14e9c01d84f918e4a2a8bdf5d6) Importer(815301076,1909f56bfc062723c751e8b465ee728b)
Start importing Assets/files/terrain_A_20.asset using Guid(acb0bb14e9c01d84f918e4a2a8bdf5d6) Importer(815301076,1909f56bfc062723c751e8b465ee728b)  -> (artifact id: '26676f41b8ac986f462288c5634a21ce') in 0.024882 seconds 
========================================================================
Received Import Request.
  Time since last request: 0.000199 seconds.
  path: Assets/files/terrain_A_7.asset
  artifactKey: Guid(e0885584a9e68d247aab8577e3585d72) Importer(815301076,1909f56bfc062723c751e8b465ee728b)
Start importing Assets/files/terrain_A_7.asset using Guid(e0885584a9e68d247aab8577e3585d72) Importer(815301076,1909f56bfc062723c751e8b465ee728b)  -> (artifact id: 'b243771c79b3db0a5b2fe32bca60ea34') in 0.016094 seconds 
========================================================================
Received Import Request.
  Time since last request: 0.000170 seconds.
  path: Assets/files/terrain_A_17.asset
  artifactKey: Guid(cc7ad7d9edfeebc4fbf6d5cc3aae9558) Importer(815301076,1909f56bfc062723c751e8b465ee728b)
Start importing Assets/files/terrain_A_17.asset using Guid(cc7ad7d9edfeebc4fbf6d5cc3aae9558) Importer(815301076,1909f56bfc062723c751e8b465ee728b)  -> (artifact id: '75684babe44d2e7029290d958b398448') in 0.014321 seconds 
========================================================================
Received Import Request.
  Time since last request: 0.000199 seconds.
  path: Assets/files/terrain_A_4.asset
  artifactKey: Guid(d3574f3134190174bb22752f04f97ce1) Importer(815301076,1909f56bfc062723c751e8b465ee728b)
Start importing Assets/files/terrain_A_4.asset using Guid(d3574f3134190174bb22752f04f97ce1) Importer(815301076,1909f56bfc062723c751e8b465ee728b)  -> (artifact id: '4cbc8db792e2bfdf35258c4bfcdd16f3') in 0.015355 seconds 
========================================================================
Received Import Request.
  Time since last request: 0.000225 seconds.
  path: Assets/files/fondos.prefab
  artifactKey: Guid(432fedbdf1d135446a9e4f10696cf271) Importer(815301076,1909f56bfc062723c751e8b465ee728b)
Start importing Assets/files/fondos.prefab using Guid(432fedbdf1d135446a9e4f10696cf271) Importer(815301076,1909f56bfc062723c751e8b465ee728b)  -> (artifact id: '73074720ab3d53c5415a33e7988d9dac') in 0.046805 seconds 
========================================================================
Received Import Request.
  Time since last request: 0.000192 seconds.
  path: Assets/files/terrain_A_2.asset
  artifactKey: Guid(fa923abd8c687c3469e92fffde0a535a) Importer(815301076,1909f56bfc062723c751e8b465ee728b)
Start importing Assets/files/terrain_A_2.asset using Guid(fa923abd8c687c3469e92fffde0a535a) Importer(815301076,1909f56bfc062723c751e8b465ee728b)  -> (artifact id: 'f6fa1dd8b9ab1be5e2f9960ff0ba4497') in 0.015046 seconds 
========================================================================
Received Import Request.
  Time since last request: 0.000160 seconds.
  path: Assets/files/terrain_A_15.asset
  artifactKey: Guid(123999a9c3a0f1a4d9704c0c37df024d) Importer(815301076,1909f56bfc062723c751e8b465ee728b)
Start importing Assets/files/terrain_A_15.asset using Guid(123999a9c3a0f1a4d9704c0c37df024d) Importer(815301076,1909f56bfc062723c751e8b465ee728b)  -> (artifact id: '89d407442ec5d70b2c11aac27e4c3e7f') in 0.018974 seconds 
========================================================================
Received Import Request.
  Time since last request: 0.000201 seconds.
  path: Assets/files/terrain_A_16.asset
  artifactKey: Guid(22b4560269616984383a3765c2e318a2) Importer(815301076,1909f56bfc062723c751e8b465ee728b)
Start importing Assets/files/terrain_A_16.asset using Guid(22b4560269616984383a3765c2e318a2) Importer(815301076,1909f56bfc062723c751e8b465ee728b)  -> (artifact id: '36a7446d244c7b89eac5ffcc9422e3c6') in 0.014972 seconds 
========================================================================
Received Import Request.
  Time since last request: 0.000201 seconds.
  path: Assets/files/bg_B.asset
  artifactKey: Guid(62a0800a73e0b374abecab51c730ef15) Importer(815301076,1909f56bfc062723c751e8b465ee728b)
Start importing Assets/files/bg_B.asset using Guid(62a0800a73e0b374abecab51c730ef15) Importer(815301076,1909f56bfc062723c751e8b465ee728b)  -> (artifact id: 'b435ba209ab656ff76dda19769228b8f') in 0.019311 seconds 
========================================================================
Received Import Request.
  Time since last request: 0.000190 seconds.
  path: Assets/files/terrain_A_14.asset
  artifactKey: Guid(35b85fe06a9e4e043a1400a5ab56de65) Importer(815301076,1909f56bfc062723c751e8b465ee728b)
Start importing Assets/files/terrain_A_14.asset using Guid(35b85fe06a9e4e043a1400a5ab56de65) Importer(815301076,1909f56bfc062723c751e8b465ee728b)  -> (artifact id: '229c5033a2074121f6a83a27eb7450d7') in 0.016705 seconds 
========================================================================
Received Import Request.
  Time since last request: 0.000203 seconds.
  path: Assets/files/terrain_A_8.asset
  artifactKey: Guid(052053ac32366064e9b114d5d4b147d3) Importer(815301076,1909f56bfc062723c751e8b465ee728b)
Start importing Assets/files/terrain_A_8.asset using Guid(052053ac32366064e9b114d5d4b147d3) Importer(815301076,1909f56bfc062723c751e8b465ee728b)  -> (artifact id: '3cef13d916c977783e6fc53b2438d7d6') in 0.017993 seconds 
========================================================================
Received Import Request.
  Time since last request: 0.000188 seconds.
  path: Assets/files/terrain_A_9.asset
  artifactKey: Guid(4407f64fe0ede91439454ed2bb8c13cc) Importer(815301076,1909f56bfc062723c751e8b465ee728b)
Start importing Assets/files/terrain_A_9.asset using Guid(4407f64fe0ede91439454ed2bb8c13cc) Importer(815301076,1909f56bfc062723c751e8b465ee728b)  -> (artifact id: '964b18639817d21885240dab6846eda3') in 0.013395 seconds 
========================================================================
Received Import Request.
  Time since last request: 0.000194 seconds.
  path: Assets/files/terrain_A_13.asset
  artifactKey: Guid(bcb867d14096d1246b6f3360e2ba29b7) Importer(815301076,1909f56bfc062723c751e8b465ee728b)
Start importing Assets/files/terrain_A_13.asset using Guid(bcb867d14096d1246b6f3360e2ba29b7) Importer(815301076,1909f56bfc062723c751e8b465ee728b)  -> (artifact id: '625988612a0d1f2192fc350aa42d6adf') in 0.017300 seconds 
========================================================================
Received Import Request.
  Time since last request: 0.000199 seconds.
  path: Assets/files/plataforma.asset
  artifactKey: Guid(69e1ba0351727a74caf6626b79bf93ad) Importer(815301076,1909f56bfc062723c751e8b465ee728b)
Start importing Assets/files/plataforma.asset using Guid(69e1ba0351727a74caf6626b79bf93ad) Importer(815301076,1909f56bfc062723c751e8b465ee728b)  -> (artifact id: '20aac495593b21d8718b70e1c92b8e9c') in 0.023243 seconds 
========================================================================
Received Import Request.
  Time since last request: 0.000200 seconds.
  path: Assets/files/terrain_A_19.asset
  artifactKey: Guid(6886ee2b3b8f63f4db33b38ef9ad7a23) Importer(815301076,1909f56bfc062723c751e8b465ee728b)
Start importing Assets/files/terrain_A_19.asset using Guid(6886ee2b3b8f63f4db33b38ef9ad7a23) Importer(815301076,1909f56bfc062723c751e8b465ee728b)  -> (artifact id: '66cf62da6bf1728443bf92f7ef3386db') in 0.016285 seconds 
========================================================================
Received Import Request.
  Time since last request: 0.000218 seconds.
  path: Assets/Scenes/SampleScene.unity
  artifactKey: Guid(2cda990e2423bbf4892e6590ba056729) Importer(815301076,1909f56bfc062723c751e8b465ee728b)
Start importing Assets/Scenes/SampleScene.unity using Guid(2cda990e2423bbf4892e6590ba056729) Importer(815301076,1909f56bfc062723c751e8b465ee728b)  -> (artifact id: 'fc1a399954ad6bc759a18243fd4dbd90') in 0.003551 seconds 
========================================================================
Received Import Request.
  Time since last request: 0.000200 seconds.
  path: Assets/files/terrain_A_5.asset
  artifactKey: Guid(422c910f39c7e0641905c9531e468365) Importer(815301076,1909f56bfc062723c751e8b465ee728b)
Start importing Assets/files/terrain_A_5.asset using Guid(422c910f39c7e0641905c9531e468365) Importer(815301076,1909f56bfc062723c751e8b465ee728b)  -> (artifact id: '1f5e3c27d4584213bbf253e7871a6d8e') in 0.015919 seconds 
========================================================================
Received Import Request.
  Time since last request: 0.000193 seconds.
  path: Assets/files/terrain_A_6.asset
  artifactKey: Guid(84e9cf56e2bd5b44aaf0ff33eafd6b15) Importer(815301076,1909f56bfc062723c751e8b465ee728b)
Start importing Assets/files/terrain_A_6.asset using Guid(84e9cf56e2bd5b44aaf0ff33eafd6b15) Importer(815301076,1909f56bfc062723c751e8b465ee728b)  -> (artifact id: 'c2165a7feb538dedad121dea5f3236a3') in 0.020653 seconds 
========================================================================
Received Import Request.
  Time since last request: 0.000208 seconds.
  path: Assets/files/terrain_A_11.asset
  artifactKey: Guid(1774df8a62f20ef488944caae7119cc6) Importer(815301076,1909f56bfc062723c751e8b465ee728b)
Start importing Assets/files/terrain_A_11.asset using Guid(1774df8a62f20ef488944caae7119cc6) Importer(815301076,1909f56bfc062723c751e8b465ee728b)  -> (artifact id: '7095f3d8225ec078ac4169c40645c34e') in 0.017737 seconds 
========================================================================
Received Import Request.
  Time since last request: 0.000209 seconds.
  path: Assets/files/terrain_A_12.asset
  artifactKey: Guid(f921461a1950fdc44bac51536f69466d) Importer(815301076,1909f56bfc062723c751e8b465ee728b)
Start importing Assets/files/terrain_A_12.asset using Guid(f921461a1950fdc44bac51536f69466d) Importer(815301076,1909f56bfc062723c751e8b465ee728b)  -> (artifact id: '96a6d9fa40804db04aad17719d508c7b') in 0.019562 seconds 
========================================================================
Received Import Request.
  Time since last request: 0.000211 seconds.
  path: Assets/files/terrain_A_0.asset
  artifactKey: Guid(242d568df14479940a9b55f86e43431c) Importer(815301076,1909f56bfc062723c751e8b465ee728b)
Start importing Assets/files/terrain_A_0.asset using Guid(242d568df14479940a9b55f86e43431c) Importer(815301076,1909f56bfc062723c751e8b465ee728b)  -> (artifact id: '53c994d8f95735b5a6fde63c0b4fe511') in 0.015199 seconds 
========================================================================
Received Import Request.
  Time since last request: 0.000216 seconds.
  path: Assets/files/terrain_A_18.asset
  artifactKey: Guid(a5d2a64ff8bd57141b2ba75ba6f47478) Importer(815301076,1909f56bfc062723c751e8b465ee728b)
Start importing Assets/files/terrain_A_18.asset using Guid(a5d2a64ff8bd57141b2ba75ba6f47478) Importer(815301076,1909f56bfc062723c751e8b465ee728b)  -> (artifact id: '75499af1a7a47f360f4c9d7652607794') in 0.015238 seconds 
========================================================================
Received Import Request.
  Time since last request: 0.000210 seconds.
  path: Assets/files/terrain_A_1.asset
  artifactKey: Guid(84a5c98aa6520104ca17a39981edd831) Importer(815301076,1909f56bfc062723c751e8b465ee728b)
Start importing Assets/files/terrain_A_1.asset using Guid(84a5c98aa6520104ca17a39981edd831) Importer(815301076,1909f56bfc062723c751e8b465ee728b)  -> (artifact id: '68779155fbd500ec4fadc88a6e895070') in 0.020630 seconds 
========================================================================
Received Import Request.
  Time since last request: 0.000200 seconds.
  path: Assets/files/terrain_A_10.asset
  artifactKey: Guid(403398a14d569eb4ab7bb1a83df3b885) Importer(815301076,1909f56bfc062723c751e8b465ee728b)
Start importing Assets/files/terrain_A_10.asset using Guid(403398a14d569eb4ab7bb1a83df3b885) Importer(815301076,1909f56bfc062723c751e8b465ee728b)  -> (artifact id: '2cca1d2d0d81c2ae2b7d0221308c55d2') in 0.018132 seconds 
========================================================================
Received Import Request.
  Time since last request: 0.000193 seconds.
  path: Assets/files/plataformas.prefab
  artifactKey: Guid(445b7cb54677406449223d526e28f88f) Importer(815301076,1909f56bfc062723c751e8b465ee728b)
Start importing Assets/files/plataformas.prefab using Guid(445b7cb54677406449223d526e28f88f) Importer(815301076,1909f56bfc062723c751e8b465ee728b)  -> (artifact id: '1c27bdd89b217f3ea6fd3fe02578190a') in 0.065870 seconds 
========================================================================
Received Import Request.
  Time since last request: 0.969192 seconds.
  path: Assets/Prefabs/Bala.prefab
  artifactKey: Guid(67c64a3555f6be645a6ca5bd4eeba4b8) Importer(815301076,1909f56bfc062723c751e8b465ee728b)
Start importing Assets/Prefabs/Bala.prefab using Guid(67c64a3555f6be645a6ca5bd4eeba4b8) Importer(815301076,1909f56bfc062723c751e8b465ee728b)  -> (artifact id: 'bb2332d34e92f1303bd39a1fa30b98f8') in 0.016688 seconds 
========================================================================
Received Import Request.
  Time since last request: 14.048208 seconds.
  path: Assets/assets_platformer/bg_A.jpg
  artifactKey: Guid(b2f9fdccf0b38c84aaa830215b52807d) Importer(815301076,1909f56bfc062723c751e8b465ee728b)
Start importing Assets/assets_platformer/bg_A.jpg using Guid(b2f9fdccf0b38c84aaa830215b52807d) Importer(815301076,1909f56bfc062723c751e8b465ee728b)  -> (artifact id: '67fdedaa559d398c30d658d9f594afe3') in 0.038805 seconds 
========================================================================
Received Import Request.
  Time since last request: 0.000205 seconds.
  path: Assets/assets_platformer/terrain_B.png
  artifactKey: Guid(e91e8ae33c21960469692015e3245185) Importer(815301076,1909f56bfc062723c751e8b465ee728b)
Start importing Assets/assets_platformer/terrain_B.png using Guid(e91e8ae33c21960469692015e3245185) Importer(815301076,1909f56bfc062723c751e8b465ee728b)  -> (artifact id: 'b86a3644513990a9b3812a472c0339d9') in 0.028575 seconds 
========================================================================
Received Import Request.
  Time since last request: 0.000192 seconds.
  path: Assets/assets_platformer/terrain_C.png
  artifactKey: Guid(6978a20c77993714d843b56b35fa4d7a) Importer(815301076,1909f56bfc062723c751e8b465ee728b)
Start importing Assets/assets_platformer/terrain_C.png using Guid(6978a20c77993714d843b56b35fa4d7a) Importer(815301076,1909f56bfc062723c751e8b465ee728b)  -> (artifact id: '9c24ee15665d00cbcd90c81c7f2155e7') in 0.027447 seconds 
========================================================================
Received Import Request.
  Time since last request: 0.000215 seconds.
  path: Assets/assets_platformer/hearts.png
  artifactKey: Guid(b9ae680d5a007a544b58b2014c3cbb6b) Importer(815301076,1909f56bfc062723c751e8b465ee728b)
Start importing Assets/assets_platformer/hearts.png using Guid(b9ae680d5a007a544b58b2014c3cbb6b) Importer(815301076,1909f56bfc062723c751e8b465ee728b)  -> (artifact id: '09014fa0dc7295d5dbfd95ec45187e2f') in 0.022890 seconds 
========================================================================
Received Import Request.
  Time since last request: 0.000193 seconds.
  path: Assets/assets_platformer/bg_B.jpg
  artifactKey: Guid(4e9cfb15f60dadb4c812c1e59c22f80b) Importer(815301076,1909f56bfc062723c751e8b465ee728b)
Start importing Assets/assets_platformer/bg_B.jpg using Guid(4e9cfb15f60dadb4c812c1e59c22f80b) Importer(815301076,1909f56bfc062723c751e8b465ee728b)  -> (artifact id: '22380fca50a596e022f75b698334110a') in 0.018918 seconds 
========================================================================
Received Import Request.
  Time since last request: 0.000244 seconds.
  path: Assets/assets_platformer/megaman.png
  artifactKey: Guid(18b3f1e1b9d0c694e9dd15c132075e4c) Importer(815301076,1909f56bfc062723c751e8b465ee728b)
Start importing Assets/assets_platformer/megaman.png using Guid(18b3f1e1b9d0c694e9dd15c132075e4c) Importer(815301076,1909f56bfc062723c751e8b465ee728b)  -> (artifact id: 'ee0d5045345de945e2b2480245bea623') in 0.140561 seconds 
========================================================================
Received Import Request.
  Time since last request: 0.000240 seconds.
  path: Assets/assets_platformer/terrain_D.png
  artifactKey: Guid(4f5d2c44537544d4db80729fa8234a71) Importer(815301076,1909f56bfc062723c751e8b465ee728b)
Start importing Assets/assets_platformer/terrain_D.png using Guid(4f5d2c44537544d4db80729fa8234a71) Importer(815301076,1909f56bfc062723c751e8b465ee728b)  -> (artifact id: 'aef8d5874955f386798095f2fc71aab5') in 0.024806 seconds 
========================================================================
Received Import Request.
  Time since last request: 0.000200 seconds.
  path: Assets/assets_platformer/bg_C.jpg
  artifactKey: Guid(aacd0087fbb35ad40a46cf0850423781) Importer(815301076,1909f56bfc062723c751e8b465ee728b)
Start importing Assets/assets_platformer/bg_C.jpg using Guid(aacd0087fbb35ad40a46cf0850423781) Importer(815301076,1909f56bfc062723c751e8b465ee728b)  -> (artifact id: '4055ff64816f2d6c8f0ce27e5f096c93') in 0.023344 seconds 
========================================================================
Received Import Request.
  Time since last request: 0.000385 seconds.
  path: Assets/assets_platformer/disparo.png
  artifactKey: Guid(7087c3f13baf993488a16a3c01fdebd7) Importer(815301076,1909f56bfc062723c751e8b465ee728b)
Start importing Assets/assets_platformer/disparo.png using Guid(7087c3f13baf993488a16a3c01fdebd7) Importer(815301076,1909f56bfc062723c751e8b465ee728b)  -> (artifact id: '59aa5d251d9d752dfb5441c3d1a0bc1b') in 0.030638 seconds 
========================================================================
Received Import Request.
  Time since last request: 0.000209 seconds.
  path: Assets/assets_platformer/bg_D.jpg
  artifactKey: Guid(24d1ec8112fe1fb4eaf5c48acb8f6cd0) Importer(815301076,1909f56bfc062723c751e8b465ee728b)
Start importing Assets/assets_platformer/bg_D.jpg using Guid(24d1ec8112fe1fb4eaf5c48acb8f6cd0) Importer(815301076,1909f56bfc062723c751e8b465ee728b)  -> (artifact id: '21af7983cac5f32de7070dab5743f771') in 0.023344 seconds 
========================================================================
Received Import Request.
  Time since last request: 0.000210 seconds.
  path: Assets/assets_platformer/terrain_A.png
  artifactKey: Guid(bee414bb17dc3a746b102f572d7832da) Importer(815301076,1909f56bfc062723c751e8b465ee728b)
Start importing Assets/assets_platformer/terrain_A.png using Guid(bee414bb17dc3a746b102f572d7832da) Importer(815301076,1909f56bfc062723c751e8b465ee728b)  -> (artifact id: '2029622319e12f4329584eab44cb3a04') in 0.229625 seconds 
========================================================================
Received Import Request.
  Time since last request: 1.877217 seconds.
  path: Assets/animaciones/megaman.controller
  artifactKey: Guid(720d1f12dda92824a8c9afae30023a12) Importer(815301076,1909f56bfc062723c751e8b465ee728b)
Start importing Assets/animaciones/megaman.controller using Guid(720d1f12dda92824a8c9afae30023a12) Importer(815301076,1909f56bfc062723c751e8b465ee728b)  -> (artifact id: 'f7d76e2061ee41ea77a3b29e79f80b6f') in 0.010912 seconds 
========================================================================
Received Import Request.
  Time since last request: 4.602854 seconds.
  path: Assets/animaciones/D_corriendo.anim
  artifactKey: Guid(d88c5f0006d335b449352cebf221a58c) Importer(815301076,1909f56bfc062723c751e8b465ee728b)
Start importing Assets/animaciones/D_corriendo.anim using Guid(d88c5f0006d335b449352cebf221a58c) Importer(815301076,1909f56bfc062723c751e8b465ee728b)  -> (artifact id: '5209eeafc3f25b9f478493a4757f3474') in 0.010354 seconds 
AssetImportWorkerClient::OnTransportError - code=2 error=End of file
